<?xml version="1.0" encoding="UTF-8"?>
<!-- Generated by org.testng.reporters.JUnitReportReporter -->
<testsuite skipped="0" hostname="DESKTOP-0P35L7C" name="com.koovs.testpom.CouponCode" tests="1" failures="0" timestamp="2020-02-03T15:56:13 IST" time="100.502" errors="0">
  <testcase name="addtoBag" time="100.502" classname="com.koovs.testpom.CouponCode"/>
</testsuite> <!-- com.koovs.testpom.CouponCode -->
