<?xml version="1.0" encoding="UTF-8"?>
<!-- Generated by org.testng.reporters.JUnitReportReporter -->
<testsuite skipped="0" hostname="DESKTOP-0P35L7C" name="com.koovs.testpom.WishList" tests="1" failures="0" timestamp="2020-02-03T17:08:32 IST" time="85.376" errors="0">
  <testcase name="addtoBag" time="85.376" classname="com.koovs.testpom.WishList"/>
</testsuite> <!-- com.koovs.testpom.WishList -->
