<?xml version="1.0" encoding="UTF-8"?>
<!-- Generated by org.testng.reporters.JUnitReportReporter -->
<testsuite skipped="0" hostname="DESKTOP-0P35L7C" name="com.test.Sample" tests="1" failures="0" timestamp="2019-12-04T16:16:18 IST" time="0.016" errors="0">
  <testcase name="test" time="0.016" classname="com.test.Sample"/>
</testsuite> <!-- com.test.Sample -->
