<?xml version="1.0" encoding="UTF-8"?>
<!-- Generated by org.testng.reporters.JUnitReportReporter -->
<testsuite skipped="0" hostname="DESKTOP-0P35L7C" name="com.koovs.testpom.Login" tests="1" failures="0" timestamp="2020-02-03T11:54:40 IST" time="78.522" errors="0">
  <testcase name="login" time="78.522" classname="com.koovs.testpom.Login"/>
</testsuite> <!-- com.koovs.testpom.Login -->
